00:00:00.306055 VirtualBox GUI VM Selector Window 6.0.4 r128164 linux.amd64 (Jan 28 2019 15:36:33) release log
00:00:00.306059 Log opened 2019-02-19T16:59:45.064976000Z
00:00:00.306060 Build Type: release
00:00:00.306064 OS Product: Linux
00:00:00.306065 OS Release: 4.20.10-arch1-1-ARCH
00:00:00.306067 OS Version: #1 SMP PREEMPT Fri Feb 15 17:49:06 UTC 2019
00:00:00.306097 DMI Product Name: HP ZBook Studio G4
00:00:00.306110 DMI Product Version: 
00:00:00.306167 Host RAM: 7894MB (7.7GB) total, 6930MB (6.7GB) available
00:00:00.306172 Executable: /usr/lib/virtualbox/VirtualBox
00:00:00.306173 Process ID: 3249
00:00:00.306174 Package type: LINUX_64BITS_GENERIC (OSE)
00:00:00.306220 Qt version: 5.12.1
00:00:00.347228 GUI: UIMediumEnumerator: Medium-enumeration started...
00:00:00.347291 GUI: UIMediumEnumerator: Medium-enumeration finished!
00:00:00.636596 GUI: UIDesktopWidgetWatchdog::sltHandleHostScreenAvailableGeometryCalculated: Screen 0 work area is actually resized to: 16x50 x 934x1008
00:00:27.107519 GUI: UIMediumEnumerator: Medium-enumeration started...
00:00:27.107620 GUI: UIMediumEnumerator: Medium-enumeration finished!
00:00:38.675432 GUI: UIMediumEnumerator: Medium with key={{1063d5b5-4a21-45da-86a6-105ef03bbb38}} created
00:00:40.789779 GUI: UIMediumEnumerator: Medium-enumeration finished!
00:00:50.113495 GUI: UIMediumEnumerator: Medium-enumeration started...
00:00:50.412424 2D support test succeeded
00:00:50.459645 GUI: UIMediumEnumerator: Medium-enumeration finished!
00:01:19.110602 GUI: UIMediumEnumerator: Medium-enumeration finished!
00:01:39.619122 GUI: UIMediumEnumerator: Medium-enumeration started...
00:01:39.719221 GUI: UIMediumEnumerator: Medium-enumeration finished!
00:01:50.148390 GUI: UIMediumEnumerator: Medium-enumeration finished!
00:01:50.757017 GUI: UIMediumEnumerator: Medium-enumeration finished!
00:02:33.061656 GUI: UIMediumEnumerator: Medium-enumeration finished!
00:03:25.350981 GUI: UIMediumEnumerator: Medium-enumeration started...
00:03:25.450550 GUI: UIMediumEnumerator: Medium-enumeration finished!
